May 31, 2025 10:57:29 PM org.jgroups.JChannel setAddress
INFO: local_addr: 7dc28b83-48e9-ee37-a19a-64925ec99cfc, name: DESKTOP-Q9GKAD8-36963
May 31, 2025 10:57:29 PM org.jgroups.protocols.UDP setBufferSize
WARNING: JGRP000015: the receive buffer of socket MulticastSocket was set to 5MB, but the OS only allocated 212.99KB
May 31, 2025 10:57:29 PM org.jgroups.protocols.UDP setBufferSize
WARNING: JGRP000015: the receive buffer of socket MulticastSocket was set to 5MB, but the OS only allocated 212.99KB

-------------------------------------------------------------------
GMS: address=DESKTOP-Q9GKAD8-36963, cluster=ChatCluster, physical address=172.25.21.64:40564
-------------------------------------------------------------------
** view: [DESKTOP-Q9GKAD8-16677|4] (3) [DESKTOP-Q9GKAD8-16677, DESKTOP-Q9GKAD8-1791, DESKTOP-Q9GKAD8-36963]
3 past messages:
DESKTOP-Q9GKAD8-47157: [pupo] OHello, everyone
DESKTOP-Q9GKAD8-1791: [pupo] Hello, pupo
DESKTOP-Q9GKAD8-16677: [pupo] Morning
> > DESKTOP-Q9GKAD8-36963: [pupo] 
Exception in thread "main" java.io.IOException: Input/output error
	at java.base/java.io.FileInputStream.readBytes(Native Method)
	at java.base/java.io.FileInputStream.read(FileInputStream.java:276)
	at java.base/java.io.BufferedInputStream.read1(BufferedInputStream.java:282)
	at java.base/java.io.BufferedInputStream.read(BufferedInputStream.java:343)
	at java.base/sun.nio.cs.StreamDecoder.readBytes(StreamDecoder.java:287)
	at java.base/sun.nio.cs.StreamDecoder.implRead(StreamDecoder.java:330)
	at java.base/sun.nio.cs.StreamDecoder.read(StreamDecoder.java:190)
	at java.base/java.io.InputStreamReader.read(InputStreamReader.java:177)
	at java.base/java.io.BufferedReader.fill(BufferedReader.java:162)
	at java.base/java.io.BufferedReader.readLine(BufferedReader.java:329)
	at java.base/java.io.BufferedReader.readLine(BufferedReader.java:396)
	at SimpleChat.eventLoop(SimpleChat.java:52)
	at SimpleChat.start(SimpleChat.java:17)
	at SimpleChat.main(SimpleChat.java:61)
 